<?xml version="1.0" encoding="UTF-8"?>
<testng-results ignored="0" total="5" passed="5" failed="0" skipped="0">
  <reporter-output>
  </reporter-output>
  <suite started-at="2023-08-29T20:21:46 IST" name="Suite" finished-at="2023-08-29T20:21:48 IST" duration-ms="1900">
    <groups>
    </groups>
    <test started-at="2023-08-29T20:21:46 IST" name="Test" finished-at="2023-08-29T20:21:48 IST" duration-ms="1900">
      <class name="org.testing.testScripts.TC2_GetAllRequest">
        <test-method signature="testcase_2()[pri:0, instance:org.testing.testScripts.TC2_GetAllRequest@7ec7ffd3]" started-at="2023-08-29T20:21:48 IST" name="testcase_2" finished-at="2023-08-29T20:21:48 IST" duration-ms="59" status="PASS">
          <reporter-output>
          </reporter-output>
        </test-method> <!-- testcase_2 -->
      </class> <!-- org.testing.testScripts.TC2_GetAllRequest -->
      <class name="org.testing.testScripts.TC5_DeleteRequest">
        <test-method signature="test_case5()[pri:0, instance:org.testing.testScripts.TC5_DeleteRequest@6b81ce95]" started-at="2023-08-29T20:21:48 IST" name="test_case5" finished-at="2023-08-29T20:21:48 IST" duration-ms="48" status="PASS">
          <reporter-output>
          </reporter-output>
        </test-method> <!-- test_case5 -->
      </class> <!-- org.testing.testScripts.TC5_DeleteRequest -->
      <class name="org.testing.testScripts.TC1_PostRequest">
        <test-method signature="testcase_1()[pri:0, instance:org.testing.testScripts.TC1_PostRequest@7b9a4292]" started-at="2023-08-29T20:21:46 IST" name="testcase_1" finished-at="2023-08-29T20:21:48 IST" duration-ms="1642" status="PASS">
          <reporter-output>
          </reporter-output>
        </test-method> <!-- testcase_1 -->
      </class> <!-- org.testing.testScripts.TC1_PostRequest -->
      <class name="org.testing.testScripts.TC4_PutRequest">
        <test-method signature="test_case4()[pri:0, instance:org.testing.testScripts.TC4_PutRequest@6572421]" started-at="2023-08-29T20:21:48 IST" name="test_case4" finished-at="2023-08-29T20:21:48 IST" duration-ms="46" status="PASS">
          <reporter-output>
          </reporter-output>
        </test-method> <!-- test_case4 -->
      </class> <!-- org.testing.testScripts.TC4_PutRequest -->
      <class name="org.testing.testScripts.TC3_GetParticular">
        <test-method signature="testcase3()[pri:0, instance:org.testing.testScripts.TC3_GetParticular@5b239d7d]" started-at="2023-08-29T20:21:48 IST" name="testcase3" finished-at="2023-08-29T20:21:48 IST" duration-ms="48" status="PASS">
          <reporter-output>
          </reporter-output>
        </test-method> <!-- testcase3 -->
      </class> <!-- org.testing.testScripts.TC3_GetParticular -->
    </test> <!-- Test -->
  </suite> <!-- Suite -->
</testng-results>
