<?xml version="1.0" encoding="UTF-8"?>
<!-- Generated by org.testng.reporters.JUnitXMLReporter -->
<testsuite ignored="1" hostname="DESKTOP-Q798BAO" failures="0" tests="2" name="BaicTestng" time="0.044" errors="0" timestamp="2025-04-30T12:51:35 IST">
  <testcase classname="Testng.WithoutmainMehod" name="demo" time="0.005"/>
  <testcase classname="Testng.OneMoreClass" name="Demo2" time="0.001"/>
  <testcase classname="Testng.OneMoreClass" name="groupData4" time="0.0">
    <ignored/>
  </testcase> <!-- groupData4 -->
</testsuite> <!-- BaicTestng -->
