<?xml version="1.0" encoding="UTF-8"?>
<!-- Generated by org.testng.reporters.JUnitXMLReporter -->
<testsuite ignored="1" hostname="DESKTOP-Q798BAO" failures="0" tests="8" name="HelperAttribute" time="0.077" errors="0" timestamp="2025-04-03T23:03:59 IST">
  <testcase classname="Testng.HelperAttribute" name="cMethod" time="0.005"/>
  <testcase classname="Testng.HelperAttribute" name="dMethod" time="0.006"/>
  <testcase classname="Testng.HelperAttribute" name="aMethod" time="0.001"/>
  <testcase classname="Testng.ParametrisationinTestng" name="classLevelParameters" time="0.001"/>
  <testcase classname="Testng.ParametrisationinTestng" name="classLevelParameters" time="0.002"/>
  <testcase classname="Testng.ParametrisationinTestng" name="classLevelParameters" time="0.001"/>
  <testcase classname="Testng.ParametrisationinTestng" name="suiteLevelParameters" time="0.001"/>
  <testcase classname="Testng.ParametrisationinTestng" name="testLevelParameters" time="0.001"/>
  <testcase classname="Testng.HelperAttribute" name="bMethod" time="0.0">
    <ignored/>
  </testcase> <!-- bMethod -->
</testsuite> <!-- HelperAttribute -->
