<?xml version="1.0" encoding="UTF-8"?>
<!-- Generated by org.testng.reporters.JUnitXMLReporter -->
<testsuite ignored="6" hostname="DESKTOP-Q798BAO" failures="0" tests="5" name="WithThreeMethod" time="0.054" errors="0" timestamp="2025-04-30T12:51:35 IST">
  <testcase classname="Testng.CheckAnnotation" name="checkAnnotation" time="0.007"/>
  <testcase classname="Testng.ThreeMethodOneClass" name="autoLogin" time="0.005"/>
  <testcase classname="Testng.CheckAnnotation" name="checkAnnotation2" time="0.002"/>
  <testcase classname="Testng.ThreeMethodOneClass" name="data1" time="0.001"/>
  <testcase classname="Testng.ThreeMethodOneClass" name="data2" time="0.002"/>
  <testcase classname="Testng.ThreeMethodOneClass" name="loginApi" time="0.0">
    <ignored/>
  </testcase> <!-- loginApi -->
  <testcase classname="Testng.ThreeMethodOneClass" name="loginApp" time="0.0">
    <ignored/>
  </testcase> <!-- loginApp -->
  <testcase classname="Testng.ThreeMethodOneClass" name="groupData3" time="0.0">
    <ignored/>
  </testcase> <!-- groupData3 -->
  <testcase classname="Testng.ThreeMethodOneClass" name="loginWebsite" time="0.0">
    <ignored/>
  </testcase> <!-- loginWebsite -->
  <testcase classname="Testng.ThreeMethodOneClass" name="groupData1" time="0.0">
    <ignored/>
  </testcase> <!-- groupData1 -->
  <testcase classname="Testng.ThreeMethodOneClass" name="groupData2" time="0.0">
    <ignored/>
  </testcase> <!-- groupData2 -->
</testsuite> <!-- WithThreeMethod -->
