<?xml version="1.0" encoding="UTF-8"?>
<!-- Generated by org.testng.reporters.JUnitXMLReporter -->
<testsuite ignored="0" hostname="DESKTOP-Q798BAO" failures="0" tests="5" name="Test" time="1.9" errors="0" timestamp="2023-08-29T20:21:48 IST">
  <testcase classname="org.testing.testScripts.TC1_PostRequest" name="testcase_1" time="1.642"/>
  <testcase classname="org.testing.testScripts.TC2_GetAllRequest" name="testcase_2" time="0.059"/>
  <testcase classname="org.testing.testScripts.TC3_GetParticular" name="testcase3" time="0.048"/>
  <testcase classname="org.testing.testScripts.TC4_PutRequest" name="test_case4" time="0.046"/>
  <testcase classname="org.testing.testScripts.TC5_DeleteRequest" name="test_case5" time="0.048"/>
</testsuite> <!-- Test -->
